<?xml version="1.0" encoding="UTF-8"?>
<robot generator="Robot 5.0.1 (Python 3.10.7 on win32)" generated="20230601 19:05:03.072" rpa="false" schemaversion="3">
<suite id="s1" name="rentHotels" source="C:\Users\Sabrina\Desktop\pi\grupo-7\tests\robot\rentHotels.robot">
<test id="s1-t1" name="Processo para fazer login no site RentHotels" line="7">
<kw name="Abrir o site RentHotels" library="rentHotels">
<kw name="Open Browser" library="SeleniumLibrary">
<arg>${SITE}</arg>
<arg>${BROWSER}</arg>
<doc>Opens a new browser instance to the optional ``url``.</doc>
<msg timestamp="20230601 19:05:04.202" level="INFO">Opening browser 'Edge' to base url 'http://127.0.0.1:5173/'.</msg>
<status status="PASS" starttime="20230601 19:05:04.200" endtime="20230601 19:05:21.636"/>
</kw>
<kw name="Maximize Browser Window" library="SeleniumLibrary">
<doc>Maximizes current browser window.</doc>
<status status="PASS" starttime="20230601 19:05:21.637" endtime="20230601 19:05:21.880"/>
</kw>
<status status="PASS" starttime="20230601 19:05:04.198" endtime="20230601 19:05:21.881"/>
</kw>
<kw name="Clicar no botão de Iniciar sessão" library="rentHotels">
<kw name="Click Element" library="SeleniumLibrary">
<arg>${SIGN_IN}</arg>
<doc>Click the element identified by ``locator``.</doc>
<msg timestamp="20230601 19:05:21.886" level="INFO">Clicking element 'xpath=//*[@id="root"]/div/header/div[2]/nav/ul/li[2]/button'.</msg>
<status status="PASS" starttime="20230601 19:05:21.884" endtime="20230601 19:05:22.175"/>
</kw>
<status status="PASS" starttime="20230601 19:05:21.882" endtime="20230601 19:05:22.176"/>
</kw>
<kw name="Efetuar o Login" library="rentHotels">
<kw name="Input Text" library="SeleniumLibrary">
<arg>${USER_LOGIN_INPUT}</arg>
<arg>${USER}</arg>
<doc>Types the given ``text`` into the text field identified by ``locator``.</doc>
<msg timestamp="20230601 19:05:22.180" level="INFO">Typing text 'usuario@teste.com' into text field 'id=email'.</msg>
<status status="PASS" starttime="20230601 19:05:22.179" endtime="20230601 19:05:22.740"/>
</kw>
<kw name="Input Text" library="SeleniumLibrary">
<arg>${USER_PASSWORD_INPUT}</arg>
<arg>${PASSWORD}</arg>
<doc>Types the given ``text`` into the text field identified by ``locator``.</doc>
<msg timestamp="20230601 19:05:22.742" level="INFO">Typing text 'admin123' into text field 'id=password'.</msg>
<status status="PASS" starttime="20230601 19:05:22.741" endtime="20230601 19:05:23.064"/>
</kw>
<kw name="Click Element" library="SeleniumLibrary">
<arg>${LOGIN_BUTTON}</arg>
<doc>Click the element identified by ``locator``.</doc>
<msg timestamp="20230601 19:05:23.065" level="INFO">Clicking element 'xpath=//*[@id="root"]/div/main/div/form/button'.</msg>
<status status="PASS" starttime="20230601 19:05:23.064" endtime="20230601 19:05:23.320"/>
</kw>
<kw name="Scroll Element Into View" library="SeleniumLibrary">
<arg>//*[@id="root"]/div/main/div/div[3]/div[1]/li[1]/div</arg>
<doc>Scrolls the element identified by ``locator`` into view.</doc>
<status status="PASS" starttime="20230601 19:05:23.320" endtime="20230601 19:05:24.155"/>
</kw>
<status status="PASS" starttime="20230601 19:05:22.177" endtime="20230601 19:05:24.155"/>
</kw>
<status status="PASS" starttime="20230601 19:05:04.195" endtime="20230601 19:05:24.156"/>
</test>
<status status="PASS" starttime="20230601 19:05:03.078" endtime="20230601 19:05:24.161"/>
</suite>
<statistics>
<total>
<stat pass="1" fail="0" skip="0">All Tests</stat>
</total>
<tag>
</tag>
<suite>
<stat pass="1" fail="0" skip="0" id="s1" name="rentHotels">rentHotels</stat>
</suite>
</statistics>
<errors>
</errors>
</robot>
